This file contains any messages produced by compilers while
running configure, to aid debugging if configure makes a mistake.

It was created by configure, which was
generated by GNU Autoconf 2.59.  Invocation command line was

  $ ./configure 

## --------- ##
## Platform. ##
## --------- ##

hostname = anirudhc-HP-ENVY-x360-Convertible
uname -m = x86_64
uname -r = 4.4.0-66-generic
uname -s = Linux
uname -v = #87-Ubuntu SMP Fri Mar 3 15:29:05 UTC 2017

/usr/bin/uname -p = unknown
/bin/uname -X     = unknown

/bin/arch              = unknown
/usr/bin/arch -k       = unknown
/usr/convex/getsysinfo = unknown
hostinfo               = unknown
/bin/machine           = unknown
/usr/bin/oslevel       = unknown
/bin/universe          = unknown

PATH: /usr/local/sbin
PATH: /usr/local/bin
PATH: /usr/sbin
PATH: /usr/bin
PATH: /sbin
PATH: /bin
PATH: /snap/bin


## ----------- ##
## Core tests. ##
## ----------- ##

configure:1581: checking for a BSD-compatible install
configure:1636: result: /usr/bin/install -c
configure:1647: checking whether build environment is sane
configure:1690: result: yes
configure:1755: checking for gawk
configure:1784: result: no
configure:1755: checking for mawk
configure:1771: found /usr/bin/mawk
configure:1781: result: mawk
configure:1791: checking whether make sets $(MAKE)
configure:1811: result: yes
configure:1988: checking whether to enable maintainer-specific portions of Makefiles
configure:1997: result: no
configure:2024: checking for style of include used by make
configure:2052: result: GNU
configure:2123: checking for gcc
configure:2139: found /usr/bin/gcc
configure:2149: result: gcc
configure:2393: checking for C compiler version
configure:2396: gcc --version </dev/null >&5
gcc (Ubuntu 5.4.0-6ubuntu1~16.04.4) 5.4.0 20160609
Copyright (C) 2015 Free Software Foundation, Inc.
This is free software; see the source for copying conditions.  There is NO
warranty; not even for MERCHANTABILITY or FITNESS FOR A PARTICULAR PURPOSE.

configure:2399: $? = 0
configure:2401: gcc -v </dev/null >&5
Using built-in specs.
COLLECT_GCC=gcc
COLLECT_LTO_WRAPPER=/usr/lib/gcc/x86_64-linux-gnu/5/lto-wrapper
Target: x86_64-linux-gnu
Configured with: ../src/configure -v --with-pkgversion='Ubuntu 5.4.0-6ubuntu1~16.04.4' --with-bugurl=file:///usr/share/doc/gcc-5/README.Bugs --enable-languages=c,ada,c++,java,go,d,fortran,objc,obj-c++ --prefix=/usr --program-suffix=-5 --enable-shared --enable-linker-build-id --libexecdir=/usr/lib --without-included-gettext --enable-threads=posix --libdir=/usr/lib --enable-nls --with-sysroot=/ --enable-clocale=gnu --enable-libstdcxx-debug --enable-libstdcxx-time=yes --with-default-libstdcxx-abi=new --enable-gnu-unique-object --disable-vtable-verify --enable-libmpx --enable-plugin --with-system-zlib --disable-browser-plugin --enable-java-awt=gtk --enable-gtk-cairo --with-java-home=/usr/lib/jvm/java-1.5.0-gcj-5-amd64/jre --enable-java-home --with-jvm-root-dir=/usr/lib/jvm/java-1.5.0-gcj-5-amd64 --with-jvm-jar-dir=/usr/lib/jvm-exports/java-1.5.0-gcj-5-amd64 --with-arch-directory=amd64 --with-ecj-jar=/usr/share/java/eclipse-ecj.jar --enable-objc-gc --enable-multiarch --disable-werror --with-arch-32=i686 --with-abi=m64 --with-multilib-list=m32,m64,mx32 --enable-multilib --with-tune=generic --enable-checking=release --build=x86_64-linux-gnu --host=x86_64-linux-gnu --target=x86_64-linux-gnu
Thread model: posix
gcc version 5.4.0 20160609 (Ubuntu 5.4.0-6ubuntu1~16.04.4) 
configure:2404: $? = 0
configure:2406: gcc -V </dev/null >&5
gcc: error: unrecognized command line option '-V'
gcc: fatal error: no input files
compilation terminated.
configure:2409: $? = 1
configure:2432: checking for C compiler default output file name
configure:2435: gcc    conftest.c  >&5
configure:2438: $? = 0
configure:2484: result: a.out
configure:2489: checking whether the C compiler works
configure:2495: ./a.out
configure:2498: $? = 0
configure:2515: result: yes
configure:2522: checking whether we are cross compiling
configure:2524: result: no
configure:2527: checking for suffix of executables
configure:2529: gcc -o conftest    conftest.c  >&5
configure:2532: $? = 0
configure:2557: result: 
configure:2563: checking for suffix of object files
configure:2584: gcc -c   conftest.c >&5
configure:2587: $? = 0
configure:2609: result: o
configure:2613: checking whether we are using the GNU C compiler
configure:2637: gcc -c   conftest.c >&5
configure:2643: $? = 0
configure:2647: test -z 
			 || test ! -s conftest.err
configure:2650: $? = 0
configure:2653: test -s conftest.o
configure:2656: $? = 0
configure:2669: result: yes
configure:2675: checking whether gcc accepts -g
configure:2696: gcc -c -g  conftest.c >&5
configure:2702: $? = 0
configure:2706: test -z 
			 || test ! -s conftest.err
configure:2709: $? = 0
configure:2712: test -s conftest.o
configure:2715: $? = 0
configure:2726: result: yes
configure:2743: checking for gcc option to accept ANSI C
configure:2813: gcc  -c -g -O2  conftest.c >&5
configure:2819: $? = 0
configure:2823: test -z 
			 || test ! -s conftest.err
configure:2826: $? = 0
configure:2829: test -s conftest.o
configure:2832: $? = 0
configure:2850: result: none needed
configure:2868: gcc -c -g -O2  conftest.c >&5
conftest.c:2:3: error: unknown type name 'choke'
   choke me
   ^
conftest.c:2:3: error: expected '=', ',', ';', 'asm' or '__attribute__' at end of input
configure:2874: $? = 1
configure: failed program was:
| #ifndef __cplusplus
|   choke me
| #endif
configure:3009: checking dependency style of gcc
configure:3099: result: gcc3
configure:3160: checking for ranlib
configure:3176: found /usr/bin/ranlib
configure:3187: result: ranlib
configure:3245: checking for gcc
configure:3271: result: gcc
configure:3515: checking for C compiler version
configure:3518: gcc --version </dev/null >&5
gcc (Ubuntu 5.4.0-6ubuntu1~16.04.4) 5.4.0 20160609
Copyright (C) 2015 Free Software Foundation, Inc.
This is free software; see the source for copying conditions.  There is NO
warranty; not even for MERCHANTABILITY or FITNESS FOR A PARTICULAR PURPOSE.

configure:3521: $? = 0
configure:3523: gcc -v </dev/null >&5
Using built-in specs.
COLLECT_GCC=gcc
COLLECT_LTO_WRAPPER=/usr/lib/gcc/x86_64-linux-gnu/5/lto-wrapper
Target: x86_64-linux-gnu
Configured with: ../src/configure -v --with-pkgversion='Ubuntu 5.4.0-6ubuntu1~16.04.4' --with-bugurl=file:///usr/share/doc/gcc-5/README.Bugs --enable-languages=c,ada,c++,java,go,d,fortran,objc,obj-c++ --prefix=/usr --program-suffix=-5 --enable-shared --enable-linker-build-id --libexecdir=/usr/lib --without-included-gettext --enable-threads=posix --libdir=/usr/lib --enable-nls --with-sysroot=/ --enable-clocale=gnu --enable-libstdcxx-debug --enable-libstdcxx-time=yes --with-default-libstdcxx-abi=new --enable-gnu-unique-object --disable-vtable-verify --enable-libmpx --enable-plugin --with-system-zlib --disable-browser-plugin --enable-java-awt=gtk --enable-gtk-cairo --with-java-home=/usr/lib/jvm/java-1.5.0-gcj-5-amd64/jre --enable-java-home --with-jvm-root-dir=/usr/lib/jvm/java-1.5.0-gcj-5-amd64 --with-jvm-jar-dir=/usr/lib/jvm-exports/java-1.5.0-gcj-5-amd64 --with-arch-directory=amd64 --with-ecj-jar=/usr/share/java/eclipse-ecj.jar --enable-objc-gc --enable-multiarch --disable-werror --with-arch-32=i686 --with-abi=m64 --with-multilib-list=m32,m64,mx32 --enable-multilib --with-tune=generic --enable-checking=release --build=x86_64-linux-gnu --host=x86_64-linux-gnu --target=x86_64-linux-gnu
Thread model: posix
gcc version 5.4.0 20160609 (Ubuntu 5.4.0-6ubuntu1~16.04.4) 
configure:3526: $? = 0
configure:3528: gcc -V </dev/null >&5
gcc: error: unrecognized command line option '-V'
gcc: fatal error: no input files
compilation terminated.
configure:3531: $? = 1
configure:3534: checking whether we are using the GNU C compiler
configure:3590: result: yes
configure:3596: checking whether gcc accepts -g
configure:3647: result: yes
configure:3664: checking for gcc option to accept ANSI C
configure:3771: result: none needed
configure:3789: gcc -c -g -O2  conftest.c >&5
conftest.c:2:3: error: unknown type name 'choke'
   choke me
   ^
conftest.c:2:3: error: expected '=', ',', ';', 'asm' or '__attribute__' at end of input
configure:3795: $? = 1
configure: failed program was:
| #ifndef __cplusplus
|   choke me
| #endif
configure:3930: checking dependency style of gcc
configure:4020: result: gcc3
configure:4115: checking build system type
configure:4133: result: x86_64-unknown-linux-gnu
configure:4141: checking host system type
configure:4155: result: x86_64-unknown-linux-gnu
configure:4163: checking for a sed that does not truncate output
configure:4219: result: /bin/sed
configure:4222: checking for egrep
configure:4232: result: grep -E
configure:4248: checking for ld used by gcc
configure:4315: result: /usr/bin/ld
configure:4324: checking if the linker (/usr/bin/ld) is GNU ld
configure:4339: result: yes
configure:4344: checking for /usr/bin/ld option to reload object files
configure:4351: result: -r
configure:4369: checking for BSD-compatible nm
configure:4418: result: /usr/bin/nm -B
configure:4422: checking whether ln -s works
configure:4426: result: yes
configure:4433: checking how to recognise dependent libraries
configure:4609: result: pass_all
configure:4697: gcc -c -g -O2  conftest.c >&5
configure:4700: $? = 0
configure:4846: checking how to run the C preprocessor
configure:4881: gcc -E  conftest.c
configure:4887: $? = 0
configure:4919: gcc -E  conftest.c
conftest.c:11:28: fatal error: ac_nonexistent.h: No such file or directory
compilation terminated.
configure:4925: $? = 1
configure: failed program was:
| /* confdefs.h.  */
| 
| #define PACKAGE_NAME ""
| #define PACKAGE_TARNAME ""
| #define PACKAGE_VERSION ""
| #define PACKAGE_STRING ""
| #define PACKAGE_BUGREPORT ""
| #define PACKAGE "snort"
| #define VERSION "2.6.1.5"
| /* end confdefs.h.  */
| #include <ac_nonexistent.h>
configure:4964: result: gcc -E
configure:4988: gcc -E  conftest.c
configure:4994: $? = 0
configure:5026: gcc -E  conftest.c
conftest.c:11:28: fatal error: ac_nonexistent.h: No such file or directory
compilation terminated.
configure:5032: $? = 1
configure: failed program was:
| /* confdefs.h.  */
| 
| #define PACKAGE_NAME ""
| #define PACKAGE_TARNAME ""
| #define PACKAGE_VERSION ""
| #define PACKAGE_STRING ""
| #define PACKAGE_BUGREPORT ""
| #define PACKAGE "snort"
| #define VERSION "2.6.1.5"
| /* end confdefs.h.  */
| #include <ac_nonexistent.h>
configure:5076: checking for ANSI C header files
configure:5101: gcc -c -g -O2  conftest.c >&5
configure:5107: $? = 0
configure:5111: test -z 
			 || test ! -s conftest.err
configure:5114: $? = 0
configure:5117: test -s conftest.o
configure:5120: $? = 0
configure:5209: gcc -o conftest -g -O2   conftest.c  >&5
conftest.c: In function 'main':
conftest.c:28:7: warning: implicit declaration of function 'exit' [-Wimplicit-function-declaration]
       exit(2);
       ^
conftest.c:28:7: warning: incompatible implicit declaration of built-in function 'exit'
conftest.c:28:7: note: include '<stdlib.h>' or provide a declaration of 'exit'
conftest.c:29:3: warning: incompatible implicit declaration of built-in function 'exit'
   exit (0);
   ^
conftest.c:29:3: note: include '<stdlib.h>' or provide a declaration of 'exit'
configure:5212: $? = 0
configure:5214: ./conftest
configure:5217: $? = 0
configure:5232: result: yes
configure:5256: checking for sys/types.h
configure:5272: gcc -c -g -O2  conftest.c >&5
configure:5278: $? = 0
configure:5282: test -z 
			 || test ! -s conftest.err
configure:5285: $? = 0
configure:5288: test -s conftest.o
configure:5291: $? = 0
configure:5302: result: yes
configure:5256: checking for sys/stat.h
configure:5272: gcc -c -g -O2  conftest.c >&5
configure:5278: $? = 0
configure:5282: test -z 
			 || test ! -s conftest.err
configure:5285: $? = 0
configure:5288: test -s conftest.o
configure:5291: $? = 0
configure:5302: result: yes
configure:5256: checking for stdlib.h
configure:5272: gcc -c -g -O2  conftest.c >&5
configure:5278: $? = 0
configure:5282: test -z 
			 || test ! -s conftest.err
configure:5285: $? = 0
configure:5288: test -s conftest.o
configure:5291: $? = 0
configure:5302: result: yes
configure:5256: checking for string.h
configure:5272: gcc -c -g -O2  conftest.c >&5
configure:5278: $? = 0
configure:5282: test -z 
			 || test ! -s conftest.err
configure:5285: $? = 0
configure:5288: test -s conftest.o
configure:5291: $? = 0
configure:5302: result: yes
configure:5256: checking for memory.h
configure:5272: gcc -c -g -O2  conftest.c >&5
configure:5278: $? = 0
configure:5282: test -z 
			 || test ! -s conftest.err
configure:5285: $? = 0
configure:5288: test -s conftest.o
configure:5291: $? = 0
configure:5302: result: yes
configure:5256: checking for strings.h
configure:5272: gcc -c -g -O2  conftest.c >&5
configure:5278: $? = 0
configure:5282: test -z 
			 || test ! -s conftest.err
configure:5285: $? = 0
configure:5288: test -s conftest.o
configure:5291: $? = 0
configure:5302: result: yes
configure:5256: checking for inttypes.h
configure:5272: gcc -c -g -O2  conftest.c >&5
configure:5278: $? = 0
configure:5282: test -z 
			 || test ! -s conftest.err
configure:5285: $? = 0
configure:5288: test -s conftest.o
configure:5291: $? = 0
configure:5302: result: yes
configure:5256: checking for stdint.h
configure:5272: gcc -c -g -O2  conftest.c >&5
configure:5278: $? = 0
configure:5282: test -z 
			 || test ! -s conftest.err
configure:5285: $? = 0
configure:5288: test -s conftest.o
configure:5291: $? = 0
configure:5302: result: yes
configure:5256: checking for unistd.h
configure:5272: gcc -c -g -O2  conftest.c >&5
configure:5278: $? = 0
configure:5282: test -z 
			 || test ! -s conftest.err
configure:5285: $? = 0
configure:5288: test -s conftest.o
configure:5291: $? = 0
configure:5302: result: yes
configure:5328: checking dlfcn.h usability
configure:5340: gcc -c -g -O2  conftest.c >&5
configure:5346: $? = 0
configure:5350: test -z 
			 || test ! -s conftest.err
configure:5353: $? = 0
configure:5356: test -s conftest.o
configure:5359: $? = 0
configure:5369: result: yes
configure:5373: checking dlfcn.h presence
configure:5383: gcc -E  conftest.c
configure:5389: $? = 0
configure:5409: result: yes
configure:5444: checking for dlfcn.h
configure:5451: result: yes
configure:5516: checking for g++
configure:5532: found /usr/bin/g++
configure:5542: result: g++
configure:5558: checking for C++ compiler version
configure:5561: g++ --version </dev/null >&5
g++ (Ubuntu 5.4.0-6ubuntu1~16.04.4) 5.4.0 20160609
Copyright (C) 2015 Free Software Foundation, Inc.
This is free software; see the source for copying conditions.  There is NO
warranty; not even for MERCHANTABILITY or FITNESS FOR A PARTICULAR PURPOSE.

configure:5564: $? = 0
configure:5566: g++ -v </dev/null >&5
Using built-in specs.
COLLECT_GCC=g++
COLLECT_LTO_WRAPPER=/usr/lib/gcc/x86_64-linux-gnu/5/lto-wrapper
Target: x86_64-linux-gnu
Configured with: ../src/configure -v --with-pkgversion='Ubuntu 5.4.0-6ubuntu1~16.04.4' --with-bugurl=file:///usr/share/doc/gcc-5/README.Bugs --enable-languages=c,ada,c++,java,go,d,fortran,objc,obj-c++ --prefix=/usr --program-suffix=-5 --enable-shared --enable-linker-build-id --libexecdir=/usr/lib --without-included-gettext --enable-threads=posix --libdir=/usr/lib --enable-nls --with-sysroot=/ --enable-clocale=gnu --enable-libstdcxx-debug --enable-libstdcxx-time=yes --with-default-libstdcxx-abi=new --enable-gnu-unique-object --disable-vtable-verify --enable-libmpx --enable-plugin --with-system-zlib --disable-browser-plugin --enable-java-awt=gtk --enable-gtk-cairo --with-java-home=/usr/lib/jvm/java-1.5.0-gcj-5-amd64/jre --enable-java-home --with-jvm-root-dir=/usr/lib/jvm/java-1.5.0-gcj-5-amd64 --with-jvm-jar-dir=/usr/lib/jvm-exports/java-1.5.0-gcj-5-amd64 --with-arch-directory=amd64 --with-ecj-jar=/usr/share/java/eclipse-ecj.jar --enable-objc-gc --enable-multiarch --disable-werror --with-arch-32=i686 --with-abi=m64 --with-multilib-list=m32,m64,mx32 --enable-multilib --with-tune=generic --enable-checking=release --build=x86_64-linux-gnu --host=x86_64-linux-gnu --target=x86_64-linux-gnu
Thread model: posix
gcc version 5.4.0 20160609 (Ubuntu 5.4.0-6ubuntu1~16.04.4) 
configure:5569: $? = 0
configure:5571: g++ -V </dev/null >&5
g++: error: unrecognized command line option '-V'
g++: fatal error: no input files
compilation terminated.
configure:5574: $? = 1
configure:5577: checking whether we are using the GNU C++ compiler
configure:5601: g++ -c   conftest.cc >&5
configure:5607: $? = 0
configure:5611: test -z 
			 || test ! -s conftest.err
configure:5614: $? = 0
configure:5617: test -s conftest.o
configure:5620: $? = 0
configure:5633: result: yes
configure:5639: checking whether g++ accepts -g
configure:5660: g++ -c -g  conftest.cc >&5
configure:5666: $? = 0
configure:5670: test -z 
			 || test ! -s conftest.err
configure:5673: $? = 0
configure:5676: test -s conftest.o
configure:5679: $? = 0
configure:5690: result: yes
configure:5732: g++ -c -g -O2  conftest.cc >&5
configure:5738: $? = 0
configure:5742: test -z 
			 || test ! -s conftest.err
configure:5745: $? = 0
configure:5748: test -s conftest.o
configure:5751: $? = 0
configure:5777: g++ -c -g -O2  conftest.cc >&5
conftest.cc: In function 'int main()':
conftest.cc:26:9: error: 'exit' was not declared in this scope
 exit (42);
         ^
configure:5783: $? = 1
configure: failed program was:
| /* confdefs.h.  */
| 
| #define PACKAGE_NAME ""
| #define PACKAGE_TARNAME ""
| #define PACKAGE_VERSION ""
| #define PACKAGE_STRING ""
| #define PACKAGE_BUGREPORT ""
| #define PACKAGE "snort"
| #define VERSION "2.6.1.5"
| #define STDC_HEADERS 1
| #define HAVE_SYS_TYPES_H 1
| #define HAVE_SYS_STAT_H 1
| #define HAVE_STDLIB_H 1
| #define HAVE_STRING_H 1
| #define HAVE_MEMORY_H 1
| #define HAVE_STRINGS_H 1
| #define HAVE_INTTYPES_H 1
| #define HAVE_STDINT_H 1
| #define HAVE_UNISTD_H 1
| #define HAVE_DLFCN_H 1
| /* end confdefs.h.  */
| 
| int
| main ()
| {
| exit (42);
|   ;
|   return 0;
| }
configure:5732: g++ -c -g -O2  conftest.cc >&5
conftest.cc:22:40: error: 'void std::exit(int)' should have been declared inside 'std'
 extern "C" void std::exit (int) throw (); using std::exit;
                                        ^
configure:5738: $? = 1
configure: failed program was:
| /* confdefs.h.  */
| 
| #define PACKAGE_NAME ""
| #define PACKAGE_TARNAME ""
| #define PACKAGE_VERSION ""
| #define PACKAGE_STRING ""
| #define PACKAGE_BUGREPORT ""
| #define PACKAGE "snort"
| #define VERSION "2.6.1.5"
| #define STDC_HEADERS 1
| #define HAVE_SYS_TYPES_H 1
| #define HAVE_SYS_STAT_H 1
| #define HAVE_STDLIB_H 1
| #define HAVE_STRING_H 1
| #define HAVE_MEMORY_H 1
| #define HAVE_STRINGS_H 1
| #define HAVE_INTTYPES_H 1
| #define HAVE_STDINT_H 1
| #define HAVE_UNISTD_H 1
| #define HAVE_DLFCN_H 1
| /* end confdefs.h.  */
| extern "C" void std::exit (int) throw (); using std::exit;
| #include <stdlib.h>
| int
| main ()
| {
| exit (42);
|   ;
|   return 0;
| }
configure:5732: g++ -c -g -O2  conftest.cc >&5
conftest.cc:22:31: error: 'void std::exit(int)' should have been declared inside 'std'
 extern "C" void std::exit (int); using std::exit;
                               ^
In file included from conftest.cc:23:0:
/usr/include/stdlib.h:543:70: error: declaration of 'void std::exit(int) throw ()' has a different exception specifier
 extern void exit (int __status) __THROW __attribute__ ((__noreturn__));
                                                                      ^
conftest.cc:22:17: error: from previous declaration 'void std::exit(int)'
 extern "C" void std::exit (int); using std::exit;
                 ^
configure:5738: $? = 1
configure: failed program was:
| /* confdefs.h.  */
| 
| #define PACKAGE_NAME ""
| #define PACKAGE_TARNAME ""
| #define PACKAGE_VERSION ""
| #define PACKAGE_STRING ""
| #define PACKAGE_BUGREPORT ""
| #define PACKAGE "snort"
| #define VERSION "2.6.1.5"
| #define STDC_HEADERS 1
| #define HAVE_SYS_TYPES_H 1
| #define HAVE_SYS_STAT_H 1
| #define HAVE_STDLIB_H 1
| #define HAVE_STRING_H 1
| #define HAVE_MEMORY_H 1
| #define HAVE_STRINGS_H 1
| #define HAVE_INTTYPES_H 1
| #define HAVE_STDINT_H 1
| #define HAVE_UNISTD_H 1
| #define HAVE_DLFCN_H 1
| /* end confdefs.h.  */
| extern "C" void std::exit (int); using std::exit;
| #include <stdlib.h>
| int
| main ()
| {
| exit (42);
|   ;
|   return 0;
| }
configure:5732: g++ -c -g -O2  conftest.cc >&5
configure:5738: $? = 0
configure:5742: test -z 
			 || test ! -s conftest.err
configure:5745: $? = 0
configure:5748: test -s conftest.o
configure:5751: $? = 0
configure:5777: g++ -c -g -O2  conftest.cc >&5
configure:5783: $? = 0
configure:5787: test -z 
			 || test ! -s conftest.err
configure:5790: $? = 0
configure:5793: test -s conftest.o
configure:5796: $? = 0
configure:5821: checking dependency style of g++
configure:5911: result: gcc3
configure:5938: checking how to run the C++ preprocessor
configure:5969: g++ -E  conftest.cc
configure:5975: $? = 0
configure:6007: g++ -E  conftest.cc
conftest.cc:25:28: fatal error: ac_nonexistent.h: No such file or directory
compilation terminated.
configure:6013: $? = 1
configure: failed program was:
| /* confdefs.h.  */
| 
| #define PACKAGE_NAME ""
| #define PACKAGE_TARNAME ""
| #define PACKAGE_VERSION ""
| #define PACKAGE_STRING ""
| #define PACKAGE_BUGREPORT ""
| #define PACKAGE "snort"
| #define VERSION "2.6.1.5"
| #define STDC_HEADERS 1
| #define HAVE_SYS_TYPES_H 1
| #define HAVE_SYS_STAT_H 1
| #define HAVE_STDLIB_H 1
| #define HAVE_STRING_H 1
| #define HAVE_MEMORY_H 1
| #define HAVE_STRINGS_H 1
| #define HAVE_INTTYPES_H 1
| #define HAVE_STDINT_H 1
| #define HAVE_UNISTD_H 1
| #define HAVE_DLFCN_H 1
| #ifdef __cplusplus
| extern "C" void exit (int) throw ();
| #endif
| /* end confdefs.h.  */
| #include <ac_nonexistent.h>
configure:6052: result: g++ -E
configure:6076: g++ -E  conftest.cc
configure:6082: $? = 0
configure:6114: g++ -E  conftest.cc
conftest.cc:25:28: fatal error: ac_nonexistent.h: No such file or directory
compilation terminated.
configure:6120: $? = 1
configure: failed program was:
| /* confdefs.h.  */
| 
| #define PACKAGE_NAME ""
| #define PACKAGE_TARNAME ""
| #define PACKAGE_VERSION ""
| #define PACKAGE_STRING ""
| #define PACKAGE_BUGREPORT ""
| #define PACKAGE "snort"
| #define VERSION "2.6.1.5"
| #define STDC_HEADERS 1
| #define HAVE_SYS_TYPES_H 1
| #define HAVE_SYS_STAT_H 1
| #define HAVE_STDLIB_H 1
| #define HAVE_STRING_H 1
| #define HAVE_MEMORY_H 1
| #define HAVE_STRINGS_H 1
| #define HAVE_INTTYPES_H 1
| #define HAVE_STDINT_H 1
| #define HAVE_UNISTD_H 1
| #define HAVE_DLFCN_H 1
| #ifdef __cplusplus
| extern "C" void exit (int) throw ();
| #endif
| /* end confdefs.h.  */
| #include <ac_nonexistent.h>
configure:6217: checking for g77
configure:6246: result: no
configure:6217: checking for f77
configure:6246: result: no
configure:6217: checking for xlf
configure:6246: result: no
configure:6217: checking for frt
configure:6246: result: no
configure:6217: checking for pgf77
configure:6246: result: no
configure:6217: checking for fort77
configure:6246: result: no
configure:6217: checking for fl32
configure:6246: result: no
configure:6217: checking for af77
configure:6246: result: no
configure:6217: checking for f90
configure:6246: result: no
configure:6217: checking for xlf90
configure:6246: result: no
configure:6217: checking for pgf90
configure:6246: result: no
configure:6217: checking for epcf90
configure:6246: result: no
configure:6217: checking for f95
configure:6246: result: no
configure:6217: checking for fort
configure:6246: result: no
configure:6217: checking for xlf95
configure:6246: result: no
configure:6217: checking for ifc
configure:6246: result: no
configure:6217: checking for efc
configure:6246: result: no
configure:6217: checking for pgf95
configure:6246: result: no
configure:6217: checking for lf95
configure:6246: result: no
configure:6217: checking for gfortran
configure:6246: result: no
configure:6258: checking for Fortran 77 compiler version
configure:6261:  --version </dev/null >&5
./configure: line 6262: --version: command not found
configure:6264: $? = 127
configure:6266:  -v </dev/null >&5
./configure: line 6267: -v: command not found
configure:6269: $? = 127
configure:6271:  -V </dev/null >&5
./configure: line 6272: -V: command not found
configure:6274: $? = 127
configure:6282: checking whether we are using the GNU Fortran 77 compiler
configure:6296:  -c  conftest.F >&5
./configure: line 6297: -c: command not found
configure:6302: $? = 127
configure: failed program was:
|       program main
| #ifndef __GNUC__
|        choke me
| #endif
| 
|       end
configure:6328: result: no
configure:6334: checking whether  accepts -g
configure:6346:  -c -g conftest.f >&5
./configure: line 6347: -c: command not found
configure:6352: $? = 127
configure: failed program was:
|       program main
| 
|       end
configure:6377: result: no
configure:6407: checking the maximum length of command line arguments
configure:6516: result: 32768
configure:6527: checking command to parse /usr/bin/nm -B output from gcc object
configure:6632: gcc -c -g -O2  conftest.c >&5
configure:6635: $? = 0
configure:6639: /usr/bin/nm -B conftest.o \| sed -n -e 's/^.*[ 	]\([ABCDGIRSTW][ABCDGIRSTW]*\)[ 	][ 	]*\([_A-Za-z][_A-Za-z0-9]*\)$/\1 \2 \2/p' \> conftest.nm
configure:6642: $? = 0
configure:6694: gcc -o conftest -g -O2   conftest.c conftstm.o >&5
configure:6697: $? = 0
configure:6735: result: ok
configure:6739: checking for objdir
configure:6754: result: .libs
configure:6844: checking for ar
configure:6860: found /usr/bin/ar
configure:6871: result: ar
configure:6924: checking for ranlib
configure:6951: result: ranlib
configure:7004: checking for strip
configure:7020: found /usr/bin/strip
configure:7031: result: strip
configure:7303: checking if gcc supports -fno-rtti -fno-exceptions
configure:7321: gcc -c -g -O2  -fno-rtti -fno-exceptions conftest.c >&5
cc1: warning: command line option '-fno-rtti' is valid for C++/ObjC++ but not for C
configure:7325: $? = 0
configure:7338: result: no
configure:7353: checking for gcc option to produce PIC
configure:7563: result: -fPIC
configure:7571: checking if gcc PIC flag -fPIC works
configure:7589: gcc -c -g -O2  -fPIC -DPIC conftest.c >&5
configure:7593: $? = 0
configure:7606: result: yes
configure:7634: checking if gcc static flag -static works
configure:7662: result: yes
configure:7672: checking if gcc supports -c -o file.o
configure:7693: gcc -c -g -O2  -o out/conftest2.o conftest.c >&5
configure:7697: $? = 0
configure:7719: result: yes
configure:7745: checking whether the gcc linker (/usr/bin/ld -m elf_x86_64) supports shared libraries
configure:8703: result: yes
configure:8724: checking whether -lc should be explicitly linked in
configure:8729: gcc -c -g -O2  conftest.c >&5
configure:8732: $? = 0
configure:8747: gcc -shared conftest.o  -v -Wl,-soname -Wl,conftest -o conftest 2\>\&1 \| grep  -lc  \>/dev/null 2\>\&1
configure:8750: $? = 0
configure:8762: result: no
configure:8770: checking dynamic linker characteristics
configure:9163: gcc -c -g -O2  conftest.c >&5
configure:9166: $? = 0
configure:9379: result: GNU/Linux ld.so
configure:9388: checking how to hardcode library paths into programs
configure:9413: result: immediate
configure:9427: checking whether stripping libraries is possible
configure:9432: result: yes
configure:10266: checking if libtool supports shared libraries
configure:10268: result: yes
configure:10271: checking whether to build shared libraries
configure:10292: result: yes
configure:10295: checking whether to build static libraries
configure:10299: result: yes
configure:10391: creating libtool
configure:10982: checking for ld used by g++
configure:11049: result: /usr/bin/ld -m elf_x86_64
configure:11058: checking if the linker (/usr/bin/ld -m elf_x86_64) is GNU ld
configure:11073: result: yes
configure:11124: checking whether the g++ linker (/usr/bin/ld -m elf_x86_64) supports shared libraries
configure:12062: result: yes
configure:12080: g++ -c -g -O2  conftest.cpp >&5
configure:12083: $? = 0
configure:12202: checking for g++ option to produce PIC
configure:12476: result: -fPIC
configure:12484: checking if g++ PIC flag -fPIC works
configure:12502: g++ -c -g -O2  -fPIC -DPIC conftest.cpp >&5
configure:12506: $? = 0
configure:12519: result: yes
configure:12547: checking if g++ static flag -static works
configure:12575: result: yes
configure:12585: checking if g++ supports -c -o file.o
configure:12606: g++ -c -g -O2  -o out/conftest2.o conftest.cpp >&5
configure:12610: $? = 0
configure:12632: result: yes
configure:12658: checking whether the g++ linker (/usr/bin/ld -m elf_x86_64) supports shared libraries
configure:12683: result: yes
configure:12750: checking dynamic linker characteristics
configure:13143: g++ -c -g -O2  conftest.cpp >&5
configure:13146: $? = 0
configure:13359: result: GNU/Linux ld.so
configure:13368: checking how to hardcode library paths into programs
configure:13393: result: immediate
configure:19627: checking whether byte ordering is bigendian
configure:19654: gcc -c -g -O2 -Wall   conftest.c >&5
configure:19660: $? = 0
configure:19664: test -z 
			 || test ! -s conftest.err
configure:19667: $? = 0
configure:19670: test -s conftest.o
configure:19673: $? = 0
configure:19697: gcc -c -g -O2 -Wall   conftest.c >&5
conftest.c: In function 'main':
conftest.c:32:2: error: unknown type name 'not'
  not big endian
  ^
conftest.c:32:10: error: expected '=', ',', ';', 'asm' or '__attribute__' before 'endian'
  not big endian
          ^
configure:19703: $? = 1
configure: failed program was:
| /* confdefs.h.  */
| 
| #define PACKAGE_NAME ""
| #define PACKAGE_TARNAME ""
| #define PACKAGE_VERSION ""
| #define PACKAGE_STRING ""
| #define PACKAGE_BUGREPORT ""
| #define PACKAGE "snort"
| #define VERSION "2.6.1.5"
| #define STDC_HEADERS 1
| #define HAVE_SYS_TYPES_H 1
| #define HAVE_SYS_STAT_H 1
| #define HAVE_STDLIB_H 1
| #define HAVE_STRING_H 1
| #define HAVE_MEMORY_H 1
| #define HAVE_STRINGS_H 1
| #define HAVE_INTTYPES_H 1
| #define HAVE_STDINT_H 1
| #define HAVE_UNISTD_H 1
| #define HAVE_DLFCN_H 1
| #ifdef __cplusplus
| extern "C" void exit (int) throw ();
| #endif
| /* end confdefs.h.  */
| #include <sys/types.h>
| #include <sys/param.h>
| 
| int
| main ()
| {
| #if BYTE_ORDER != BIG_ENDIAN
|  not big endian
| #endif
| 
|   ;
|   return 0;
| }
configure:19838: result: no
configure:20013: checking for sparc alignment
configure:20024: result: no
configure:20033: checking for strings.h
configure:20038: result: yes
configure:20183: checking for string.h
configure:20188: result: yes
configure:20333: checking for stdlib.h
configure:20338: result: yes
configure:20483: checking for unistd.h
configure:20488: result: yes
configure:20642: checking sys/sockio.h usability
configure:20654: gcc -c -g -O2 -Wall   conftest.c >&5
conftest.c:65:24: fatal error: sys/sockio.h: No such file or directory
compilation terminated.
configure:20660: $? = 1
configure: failed program was:
| /* confdefs.h.  */
| 
| #define PACKAGE_NAME ""
| #define PACKAGE_TARNAME ""
| #define PACKAGE_VERSION ""
| #define PACKAGE_STRING ""
| #define PACKAGE_BUGREPORT ""
| #define PACKAGE "snort"
| #define VERSION "2.6.1.5"
| #define STDC_HEADERS 1
| #define HAVE_SYS_TYPES_H 1
| #define HAVE_SYS_STAT_H 1
| #define HAVE_STDLIB_H 1
| #define HAVE_STRING_H 1
| #define HAVE_MEMORY_H 1
| #define HAVE_STRINGS_H 1
| #define HAVE_INTTYPES_H 1
| #define HAVE_STDINT_H 1
| #define HAVE_UNISTD_H 1
| #define HAVE_DLFCN_H 1
| #ifdef __cplusplus
| extern "C" void exit (int) throw ();
| #endif
| #define LINUX
| #define PCAP_TIMEOUT_IGNORED
| #define HAVE_STRINGS_H 1
| #define HAVE_STRING_H 1
| #define HAVE_STDLIB_H 1
| #define HAVE_UNISTD_H 1
| /* end confdefs.h.  */
| #include <stdio.h>
| #if HAVE_SYS_TYPES_H
| # include <sys/types.h>
| #endif
| #if HAVE_SYS_STAT_H
| # include <sys/stat.h>
| #endif
| #if STDC_HEADERS
| # include <stdlib.h>
| # include <stddef.h>
| #else
| # if HAVE_STDLIB_H
| #  include <stdlib.h>
| # endif
| #endif
| #if HAVE_STRING_H
| # if !STDC_HEADERS && HAVE_MEMORY_H
| #  include <memory.h>
| # endif
| # include <string.h>
| #endif
| #if HAVE_STRINGS_H
| # include <strings.h>
| #endif
| #if HAVE_INTTYPES_H
| # include <inttypes.h>
| #else
| # if HAVE_STDINT_H
| #  include <stdint.h>
| # endif
| #endif
| #if HAVE_UNISTD_H
| # include <unistd.h>
| #endif
| #include <sys/sockio.h>
configure:20683: result: no
configure:20687: checking sys/sockio.h presence
configure:20697: gcc -E  conftest.c
conftest.c:31:24: fatal error: sys/sockio.h: No such file or directory
compilation terminated.
configure:20703: $? = 1
configure: failed program was:
| /* confdefs.h.  */
| 
| #define PACKAGE_NAME ""
| #define PACKAGE_TARNAME ""
| #define PACKAGE_VERSION ""
| #define PACKAGE_STRING ""
| #define PACKAGE_BUGREPORT ""
| #define PACKAGE "snort"
| #define VERSION "2.6.1.5"
| #define STDC_HEADERS 1
| #define HAVE_SYS_TYPES_H 1
| #define HAVE_SYS_STAT_H 1
| #define HAVE_STDLIB_H 1
| #define HAVE_STRING_H 1
| #define HAVE_MEMORY_H 1
| #define HAVE_STRINGS_H 1
| #define HAVE_INTTYPES_H 1
| #define HAVE_STDINT_H 1
| #define HAVE_UNISTD_H 1
| #define HAVE_DLFCN_H 1
| #ifdef __cplusplus
| extern "C" void exit (int) throw ();
| #endif
| #define LINUX
| #define PCAP_TIMEOUT_IGNORED
| #define HAVE_STRINGS_H 1
| #define HAVE_STRING_H 1
| #define HAVE_STDLIB_H 1
| #define HAVE_UNISTD_H 1
| /* end confdefs.h.  */
| #include <sys/sockio.h>
configure:20723: result: no
configure:20758: checking for sys/sockio.h
configure:20765: result: no
configure:20792: checking paths.h usability
configure:20804: gcc -c -g -O2 -Wall   conftest.c >&5
configure:20810: $? = 0
configure:20814: test -z 
			 || test ! -s conftest.err
configure:20817: $? = 0
configure:20820: test -s conftest.o
configure:20823: $? = 0
configure:20833: result: yes
configure:20837: checking paths.h presence
configure:20847: gcc -E  conftest.c
configure:20853: $? = 0
configure:20873: result: yes
configure:20908: checking for paths.h
configure:20915: result: yes
configure:20931: checking for inet_ntoa in -lnsl
configure:20961: gcc -o conftest -g -O2 -Wall    conftest.c -lnsl   >&5
configure:20967: $? = 0
configure:20971: test -z 
			 || test ! -s conftest.err
configure:20974: $? = 0
configure:20977: test -s conftest
configure:20980: $? = 0
configure:20993: result: yes
configure:21008: checking for socket in -lsocket
configure:21038: gcc -o conftest -g -O2 -Wall    conftest.c -lsocket  -lnsl  >&5
/usr/bin/ld: cannot find -lsocket
collect2: error: ld returned 1 exit status
configure:21044: $? = 1
configure: failed program was:
| /* confdefs.h.  */
| 
| #define PACKAGE_NAME ""
| #define PACKAGE_TARNAME ""
| #define PACKAGE_VERSION ""
| #define PACKAGE_STRING ""
| #define PACKAGE_BUGREPORT ""
| #define PACKAGE "snort"
| #define VERSION "2.6.1.5"
| #define STDC_HEADERS 1
| #define HAVE_SYS_TYPES_H 1
| #define HAVE_SYS_STAT_H 1
| #define HAVE_STDLIB_H 1
| #define HAVE_STRING_H 1
| #define HAVE_MEMORY_H 1
| #define HAVE_STRINGS_H 1
| #define HAVE_INTTYPES_H 1
| #define HAVE_STDINT_H 1
| #define HAVE_UNISTD_H 1
| #define HAVE_DLFCN_H 1
| #ifdef __cplusplus
| extern "C" void exit (int) throw ();
| #endif
| #define LINUX
| #define PCAP_TIMEOUT_IGNORED
| #define HAVE_STRINGS_H 1
| #define HAVE_STRING_H 1
| #define HAVE_STDLIB_H 1
| #define HAVE_UNISTD_H 1
| #define HAVE_PATHS_H 1
| #define HAVE_LIBNSL 1
| /* end confdefs.h.  */
| 
| /* Override any gcc2 internal prototype to avoid an error.  */
| #ifdef __cplusplus
| extern "C"
| #endif
| /* We use char because int might match the return type of a gcc2
|    builtin and then its argument prototype would still apply.  */
| char socket ();
| int
| main ()
| {
| socket ();
|   ;
|   return 0;
| }
configure:21070: result: no
configure:21319: checking whether printf must be declared
configure:21357: gcc -c -g -O2 -Wall   conftest.c >&5
conftest.c: In function 'main':
conftest.c:54:9: warning: unused variable 'pfn' [-Wunused-variable]
 char *(*pfn) = (char *(*)) printf
         ^
configure:21363: $? = 0
configure:21367: test -z 
			 || test ! -s conftest.err
configure:21370: $? = 0
configure:21373: test -s conftest.o
configure:21376: $? = 0
configure:21400: result: no
configure:21319: checking whether fprintf must be declared
configure:21357: gcc -c -g -O2 -Wall   conftest.c >&5
conftest.c: In function 'main':
conftest.c:54:9: warning: unused variable 'pfn' [-Wunused-variable]
 char *(*pfn) = (char *(*)) fprintf
         ^
configure:21363: $? = 0
configure:21367: test -z 
			 || test ! -s conftest.err
configure:21370: $? = 0
configure:21373: test -s conftest.o
configure:21376: $? = 0
configure:21400: result: no
configure:21319: checking whether syslog must be declared
configure:21357: gcc -c -g -O2 -Wall   conftest.c >&5
conftest.c: In function 'main':
conftest.c:54:9: warning: unused variable 'pfn' [-Wunused-variable]
 char *(*pfn) = (char *(*)) syslog
         ^
configure:21363: $? = 0
configure:21367: test -z 
			 || test ! -s conftest.err
configure:21370: $? = 0
configure:21373: test -s conftest.o
configure:21376: $? = 0
configure:21400: result: no
configure:21319: checking whether puts must be declared
configure:21357: gcc -c -g -O2 -Wall   conftest.c >&5
conftest.c: In function 'main':
conftest.c:54:9: warning: unused variable 'pfn' [-Wunused-variable]
 char *(*pfn) = (char *(*)) puts
         ^
configure:21363: $? = 0
configure:21367: test -z 
			 || test ! -s conftest.err
configure:21370: $? = 0
configure:21373: test -s conftest.o
configure:21376: $? = 0
configure:21400: result: no
configure:21319: checking whether fputs must be declared
configure:21357: gcc -c -g -O2 -Wall   conftest.c >&5
conftest.c: In function 'main':
conftest.c:54:9: warning: unused variable 'pfn' [-Wunused-variable]
 char *(*pfn) = (char *(*)) fputs
         ^
configure:21363: $? = 0
configure:21367: test -z 
			 || test ! -s conftest.err
configure:21370: $? = 0
configure:21373: test -s conftest.o
configure:21376: $? = 0
configure:21400: result: no
configure:21319: checking whether fputc must be declared
configure:21357: gcc -c -g -O2 -Wall   conftest.c >&5
conftest.c: In function 'main':
conftest.c:54:9: warning: unused variable 'pfn' [-Wunused-variable]
 char *(*pfn) = (char *(*)) fputc
         ^
configure:21363: $? = 0
configure:21367: test -z 
			 || test ! -s conftest.err
configure:21370: $? = 0
configure:21373: test -s conftest.o
configure:21376: $? = 0
configure:21400: result: no
configure:21319: checking whether fopen must be declared
configure:21357: gcc -c -g -O2 -Wall   conftest.c >&5
conftest.c: In function 'main':
conftest.c:54:9: warning: unused variable 'pfn' [-Wunused-variable]
 char *(*pfn) = (char *(*)) fopen
         ^
configure:21363: $? = 0
configure:21367: test -z 
			 || test ! -s conftest.err
configure:21370: $? = 0
configure:21373: test -s conftest.o
configure:21376: $? = 0
configure:21400: result: no
configure:21319: checking whether fclose must be declared
configure:21357: gcc -c -g -O2 -Wall   conftest.c >&5
conftest.c: In function 'main':
conftest.c:54:9: warning: unused variable 'pfn' [-Wunused-variable]
 char *(*pfn) = (char *(*)) fclose
         ^
configure:21363: $? = 0
configure:21367: test -z 
			 || test ! -s conftest.err
configure:21370: $? = 0
configure:21373: test -s conftest.o
configure:21376: $? = 0
configure:21400: result: no
configure:21319: checking whether fwrite must be declared
configure:21357: gcc -c -g -O2 -Wall   conftest.c >&5
conftest.c: In function 'main':
conftest.c:54:9: warning: unused variable 'pfn' [-Wunused-variable]
 char *(*pfn) = (char *(*)) fwrite
         ^
configure:21363: $? = 0
configure:21367: test -z 
			 || test ! -s conftest.err
configure:21370: $? = 0
configure:21373: test -s conftest.o
configure:21376: $? = 0
configure:21400: result: no
configure:21319: checking whether fflush must be declared
configure:21357: gcc -c -g -O2 -Wall   conftest.c >&5
conftest.c: In function 'main':
conftest.c:54:9: warning: unused variable 'pfn' [-Wunused-variable]
 char *(*pfn) = (char *(*)) fflush
         ^
configure:21363: $? = 0
configure:21367: test -z 
			 || test ! -s conftest.err
configure:21370: $? = 0
configure:21373: test -s conftest.o
configure:21376: $? = 0
configure:21400: result: no
configure:21319: checking whether getopt must be declared
configure:21357: gcc -c -g -O2 -Wall   conftest.c >&5
conftest.c: In function 'main':
conftest.c:54:9: warning: unused variable 'pfn' [-Wunused-variable]
 char *(*pfn) = (char *(*)) getopt
         ^
configure:21363: $? = 0
configure:21367: test -z 
			 || test ! -s conftest.err
configure:21370: $? = 0
configure:21373: test -s conftest.o
configure:21376: $? = 0
configure:21400: result: no
configure:21319: checking whether bzero must be declared
configure:21357: gcc -c -g -O2 -Wall   conftest.c >&5
conftest.c: In function 'main':
conftest.c:54:9: warning: unused variable 'pfn' [-Wunused-variable]
 char *(*pfn) = (char *(*)) bzero
         ^
configure:21363: $? = 0
configure:21367: test -z 
			 || test ! -s conftest.err
configure:21370: $? = 0
configure:21373: test -s conftest.o
configure:21376: $? = 0
configure:21400: result: no
configure:21319: checking whether bcopy must be declared
configure:21357: gcc -c -g -O2 -Wall   conftest.c >&5
conftest.c: In function 'main':
conftest.c:54:9: warning: unused variable 'pfn' [-Wunused-variable]
 char *(*pfn) = (char *(*)) bcopy
         ^
configure:21363: $? = 0
configure:21367: test -z 
			 || test ! -s conftest.err
configure:21370: $? = 0
configure:21373: test -s conftest.o
configure:21376: $? = 0
configure:21400: result: no
configure:21319: checking whether memset must be declared
configure:21357: gcc -c -g -O2 -Wall   conftest.c >&5
conftest.c: In function 'main':
conftest.c:54:9: warning: unused variable 'pfn' [-Wunused-variable]
 char *(*pfn) = (char *(*)) memset
         ^
configure:21363: $? = 0
configure:21367: test -z 
			 || test ! -s conftest.err
configure:21370: $? = 0
configure:21373: test -s conftest.o
configure:21376: $? = 0
configure:21400: result: no
configure:21319: checking whether strtol must be declared
configure:21357: gcc -c -g -O2 -Wall   conftest.c >&5
conftest.c: In function 'main':
conftest.c:54:9: warning: unused variable 'pfn' [-Wunused-variable]
 char *(*pfn) = (char *(*)) strtol
         ^
configure:21363: $? = 0
configure:21367: test -z 
			 || test ! -s conftest.err
configure:21370: $? = 0
configure:21373: test -s conftest.o
configure:21376: $? = 0
configure:21400: result: no
configure:21319: checking whether strcasecmp must be declared
configure:21357: gcc -c -g -O2 -Wall   conftest.c >&5
conftest.c: In function 'main':
conftest.c:54:9: warning: unused variable 'pfn' [-Wunused-variable]
 char *(*pfn) = (char *(*)) strcasecmp
         ^
configure:21363: $? = 0
configure:21367: test -z 
			 || test ! -s conftest.err
configure:21370: $? = 0
configure:21373: test -s conftest.o
configure:21376: $? = 0
configure:21400: result: no
configure:21319: checking whether strncasecmp must be declared
configure:21357: gcc -c -g -O2 -Wall   conftest.c >&5
conftest.c: In function 'main':
conftest.c:54:9: warning: unused variable 'pfn' [-Wunused-variable]
 char *(*pfn) = (char *(*)) strncasecmp
         ^
configure:21363: $? = 0
configure:21367: test -z 
			 || test ! -s conftest.err
configure:21370: $? = 0
configure:21373: test -s conftest.o
configure:21376: $? = 0
configure:21400: result: no
configure:21319: checking whether strerror must be declared
configure:21357: gcc -c -g -O2 -Wall   conftest.c >&5
conftest.c: In function 'main':
conftest.c:54:9: warning: unused variable 'pfn' [-Wunused-variable]
 char *(*pfn) = (char *(*)) strerror
         ^
configure:21363: $? = 0
configure:21367: test -z 
			 || test ! -s conftest.err
configure:21370: $? = 0
configure:21373: test -s conftest.o
configure:21376: $? = 0
configure:21400: result: no
configure:21319: checking whether perror must be declared
configure:21357: gcc -c -g -O2 -Wall   conftest.c >&5
conftest.c: In function 'main':
conftest.c:54:9: warning: unused variable 'pfn' [-Wunused-variable]
 char *(*pfn) = (char *(*)) perror
         ^
configure:21363: $? = 0
configure:21367: test -z 
			 || test ! -s conftest.err
configure:21370: $? = 0
configure:21373: test -s conftest.o
configure:21376: $? = 0
configure:21400: result: no
configure:21319: checking whether socket must be declared
configure:21357: gcc -c -g -O2 -Wall   conftest.c >&5
conftest.c: In function 'main':
conftest.c:54:9: warning: unused variable 'pfn' [-Wunused-variable]
 char *(*pfn) = (char *(*)) socket
         ^
configure:21363: $? = 0
configure:21367: test -z 
			 || test ! -s conftest.err
configure:21370: $? = 0
configure:21373: test -s conftest.o
configure:21376: $? = 0
configure:21400: result: no
configure:21319: checking whether sendto must be declared
configure:21357: gcc -c -g -O2 -Wall   conftest.c >&5
conftest.c: In function 'main':
conftest.c:54:9: warning: unused variable 'pfn' [-Wunused-variable]
 char *(*pfn) = (char *(*)) sendto
         ^
configure:21363: $? = 0
configure:21367: test -z 
			 || test ! -s conftest.err
configure:21370: $? = 0
configure:21373: test -s conftest.o
configure:21376: $? = 0
configure:21400: result: no
configure:21319: checking whether vsnprintf must be declared
configure:21357: gcc -c -g -O2 -Wall   conftest.c >&5
conftest.c: In function 'main':
conftest.c:54:9: warning: unused variable 'pfn' [-Wunused-variable]
 char *(*pfn) = (char *(*)) vsnprintf
         ^
configure:21363: $? = 0
configure:21367: test -z 
			 || test ! -s conftest.err
configure:21370: $? = 0
configure:21373: test -s conftest.o
configure:21376: $? = 0
configure:21400: result: no
configure:21319: checking whether snprintf must be declared
configure:21357: gcc -c -g -O2 -Wall   conftest.c >&5
conftest.c: In function 'main':
conftest.c:54:9: warning: unused variable 'pfn' [-Wunused-variable]
 char *(*pfn) = (char *(*)) snprintf
         ^
configure:21363: $? = 0
configure:21367: test -z 
			 || test ! -s conftest.err
configure:21370: $? = 0
configure:21373: test -s conftest.o
configure:21376: $? = 0
configure:21400: result: no
configure:21319: checking whether strtoul must be declared
configure:21357: gcc -c -g -O2 -Wall   conftest.c >&5
conftest.c: In function 'main':
conftest.c:54:9: warning: unused variable 'pfn' [-Wunused-variable]
 char *(*pfn) = (char *(*)) strtoul
         ^
configure:21363: $? = 0
configure:21367: test -z 
			 || test ! -s conftest.err
configure:21370: $? = 0
configure:21373: test -s conftest.o
configure:21376: $? = 0
configure:21400: result: no
configure:21411: checking for snprintf
configure:21468: gcc -o conftest -g -O2 -Wall    conftest.c -lnsl  >&5
conftest.c:57:6: warning: conflicting types for built-in function 'snprintf'
 char snprintf ();
      ^
configure:21474: $? = 0
configure:21478: test -z 
			 || test ! -s conftest.err
configure:21481: $? = 0
configure:21484: test -s conftest
configure:21487: $? = 0
configure:21499: result: yes
configure:21513: checking for strlcpy
configure:21570: gcc -o conftest -g -O2 -Wall    conftest.c -lnsl  >&5
/tmp/ccoblovP.o:(.data+0x0): undefined reference to `strlcpy'
/tmp/ccoblovP.o: In function `main':
/home/anirudhc/research_work/snort/snort_inline-2.6.1.5/conftest.c:73: undefined reference to `strlcpy'
collect2: error: ld returned 1 exit status
configure:21576: $? = 1
configure: failed program was:
| /* confdefs.h.  */
| 
| #define PACKAGE_NAME ""
| #define PACKAGE_TARNAME ""
| #define PACKAGE_VERSION ""
| #define PACKAGE_STRING ""
| #define PACKAGE_BUGREPORT ""
| #define PACKAGE "snort"
| #define VERSION "2.6.1.5"
| #define STDC_HEADERS 1
| #define HAVE_SYS_TYPES_H 1
| #define HAVE_SYS_STAT_H 1
| #define HAVE_STDLIB_H 1
| #define HAVE_STRING_H 1
| #define HAVE_MEMORY_H 1
| #define HAVE_STRINGS_H 1
| #define HAVE_INTTYPES_H 1
| #define HAVE_STDINT_H 1
| #define HAVE_UNISTD_H 1
| #define HAVE_DLFCN_H 1
| #ifdef __cplusplus
| extern "C" void exit (int) throw ();
| #endif
| #define LINUX
| #define PCAP_TIMEOUT_IGNORED
| #define HAVE_STRINGS_H 1
| #define HAVE_STRING_H 1
| #define HAVE_STDLIB_H 1
| #define HAVE_UNISTD_H 1
| #define HAVE_PATHS_H 1
| #define HAVE_LIBNSL 1
| #define HAVE_SNPRINTF 1
| /* end confdefs.h.  */
| /* Define strlcpy to an innocuous variant, in case <limits.h> declares strlcpy.
|    For example, HP-UX 11i <limits.h> declares gettimeofday.  */
| #define strlcpy innocuous_strlcpy
| 
| /* System header to define __stub macros and hopefully few prototypes,
|     which can conflict with char strlcpy (); below.
|     Prefer <limits.h> to <assert.h> if __STDC__ is defined, since
|     <limits.h> exists even on freestanding compilers.  */
| 
| #ifdef __STDC__
| # include <limits.h>
| #else
| # include <assert.h>
| #endif
| 
| #undef strlcpy
| 
| /* Override any gcc2 internal prototype to avoid an error.  */
| #ifdef __cplusplus
| extern "C"
| {
| #endif
| /* We use char because int might match the return type of a gcc2
|    builtin and then its argument prototype would still apply.  */
| char strlcpy ();
| /* The GNU C library defines this for functions which it implements
|     to always fail with ENOSYS.  Some functions are actually named
|     something starting with __ and the normal name is an alias.  */
| #if defined (__stub_strlcpy) || defined (__stub___strlcpy)
| choke me
| #else
| char (*f) () = strlcpy;
| #endif
| #ifdef __cplusplus
| }
| #endif
| 
| int
| main ()
| {
| return f != strlcpy;
|   ;
|   return 0;
| }
configure:21601: result: no
configure:21615: checking for strlcat
configure:21672: gcc -o conftest -g -O2 -Wall    conftest.c -lnsl  >&5
/tmp/ccMA3vDS.o:(.data+0x0): undefined reference to `strlcat'
/tmp/ccMA3vDS.o: In function `main':
/home/anirudhc/research_work/snort/snort_inline-2.6.1.5/conftest.c:73: undefined reference to `strlcat'
collect2: error: ld returned 1 exit status
configure:21678: $? = 1
configure: failed program was:
| /* confdefs.h.  */
| 
| #define PACKAGE_NAME ""
| #define PACKAGE_TARNAME ""
| #define PACKAGE_VERSION ""
| #define PACKAGE_STRING ""
| #define PACKAGE_BUGREPORT ""
| #define PACKAGE "snort"
| #define VERSION "2.6.1.5"
| #define STDC_HEADERS 1
| #define HAVE_SYS_TYPES_H 1
| #define HAVE_SYS_STAT_H 1
| #define HAVE_STDLIB_H 1
| #define HAVE_STRING_H 1
| #define HAVE_MEMORY_H 1
| #define HAVE_STRINGS_H 1
| #define HAVE_INTTYPES_H 1
| #define HAVE_STDINT_H 1
| #define HAVE_UNISTD_H 1
| #define HAVE_DLFCN_H 1
| #ifdef __cplusplus
| extern "C" void exit (int) throw ();
| #endif
| #define LINUX
| #define PCAP_TIMEOUT_IGNORED
| #define HAVE_STRINGS_H 1
| #define HAVE_STRING_H 1
| #define HAVE_STDLIB_H 1
| #define HAVE_UNISTD_H 1
| #define HAVE_PATHS_H 1
| #define HAVE_LIBNSL 1
| #define HAVE_SNPRINTF 1
| /* end confdefs.h.  */
| /* Define strlcat to an innocuous variant, in case <limits.h> declares strlcat.
|    For example, HP-UX 11i <limits.h> declares gettimeofday.  */
| #define strlcat innocuous_strlcat
| 
| /* System header to define __stub macros and hopefully few prototypes,
|     which can conflict with char strlcat (); below.
|     Prefer <limits.h> to <assert.h> if __STDC__ is defined, since
|     <limits.h> exists even on freestanding compilers.  */
| 
| #ifdef __STDC__
| # include <limits.h>
| #else
| # include <assert.h>
| #endif
| 
| #undef strlcat
| 
| /* Override any gcc2 internal prototype to avoid an error.  */
| #ifdef __cplusplus
| extern "C"
| {
| #endif
| /* We use char because int might match the return type of a gcc2
|    builtin and then its argument prototype would still apply.  */
| char strlcat ();
| /* The GNU C library defines this for functions which it implements
|     to always fail with ENOSYS.  Some functions are actually named
|     something starting with __ and the normal name is an alias.  */
| #if defined (__stub_strlcat) || defined (__stub___strlcat)
| choke me
| #else
| char (*f) () = strlcat;
| #endif
| #ifdef __cplusplus
| }
| #endif
| 
| int
| main ()
| {
| return f != strlcat;
|   ;
|   return 0;
| }
configure:21703: result: no
configure:21717: checking for strerror
configure:21774: gcc -o conftest -g -O2 -Wall    conftest.c -lnsl  >&5
configure:21780: $? = 0
configure:21784: test -z 
			 || test ! -s conftest.err
configure:21787: $? = 0
configure:21790: test -s conftest
configure:21793: $? = 0
configure:21805: result: yes
configure:21834: gcc -c -g -O2 -Wall   conftest.c >&5
conftest.c: In function 'main':
conftest.c:41:16: warning: assignment discards 'const' qualifier from pointer target type [-Wdiscarded-qualifiers]
 char *foo; foo = sys_errlist[0];
                ^
conftest.c:41:7: warning: variable 'foo' set but not used [-Wunused-but-set-variable]
 char *foo; foo = sys_errlist[0];
       ^
configure:21840: $? = 0
configure:21844: test -z 
			 || test ! -s conftest.err
configure:21847: $? = 0
configure:21850: test -s conftest.o
configure:21853: $? = 0
configure:21867: checking for __FUNCTION__
configure:21887: gcc -c -g -O2 -Wall   conftest.c >&5
configure:21893: $? = 0
configure:21897: test -z 
			 || test ! -s conftest.err
configure:21900: $? = 0
configure:21903: test -s conftest.o
configure:21906: $? = 0
configure:21917: result: yes
configure:22034: checking for floor in -lm
configure:22064: gcc -o conftest -g -O2 -Wall    conftest.c -lm  -lnsl  >&5
conftest.c:44:6: warning: conflicting types for built-in function 'floor'
 char floor ();
      ^
configure:22070: $? = 0
configure:22074: test -z 
			 || test ! -s conftest.err
configure:22077: $? = 0
configure:22080: test -s conftest
configure:22083: $? = 0
configure:22096: result: yes
configure:22110: checking for pcap_datalink in -lpcap
configure:22140: gcc -o conftest -g -O2 -Wall    conftest.c -lpcap  -lm -lnsl  >&5
configure:22146: $? = 0
configure:22150: test -z 
			 || test ! -s conftest.err
configure:22153: $? = 0
configure:22156: test -s conftest
configure:22159: $? = 0
configure:22172: result: yes
configure:22246: checking pcre.h usability
configure:22258: gcc -c -g -O2 -Wall    conftest.c >&5
configure:22264: $? = 0
configure:22268: test -z 
			 || test ! -s conftest.err
configure:22271: $? = 0
configure:22274: test -s conftest.o
configure:22277: $? = 0
configure:22287: result: yes
configure:22291: checking pcre.h presence
configure:22301: gcc -E   conftest.c
configure:22307: $? = 0
configure:22327: result: yes
configure:22362: checking for pcre.h
configure:22369: result: yes
configure:22394: checking for pcre_compile in -lpcre
configure:22424: gcc -o conftest -g -O2 -Wall     -lpcre conftest.c -lpcre  -lpcap -lm -lnsl  >&5
configure:22430: $? = 0
configure:22434: test -z 
			 || test ! -s conftest.err
configure:22437: $? = 0
configure:22440: test -s conftest
configure:22443: $? = 0
configure:22456: result: yes
configure:23419: checking for dlsym in -ldl
configure:23449: gcc -o conftest -g -O2 -Wall  -DDYNAMIC_PLUGIN    -lpcre conftest.c -ldl  -lpcre -lpcap -lm -lnsl  >&5
configure:23455: $? = 0
configure:23459: test -z 
			 || test ! -s conftest.err
configure:23462: $? = 0
configure:23465: test -s conftest
configure:23468: $? = 0
configure:23481: result: yes
configure:24218: checking libipq.h usability
configure:24230: gcc -c -g -O2 -Wall  -DDYNAMIC_PLUGIN -DGIDS   -I/usr/include/libipq -I/usr/include conftest.c >&5
conftest.c:76:20: fatal error: libipq.h: No such file or directory
compilation terminated.
configure:24236: $? = 1
configure: failed program was:
| /* confdefs.h.  */
| 
| #define PACKAGE_NAME ""
| #define PACKAGE_TARNAME ""
| #define PACKAGE_VERSION ""
| #define PACKAGE_STRING ""
| #define PACKAGE_BUGREPORT ""
| #define PACKAGE "snort"
| #define VERSION "2.6.1.5"
| #define STDC_HEADERS 1
| #define HAVE_SYS_TYPES_H 1
| #define HAVE_SYS_STAT_H 1
| #define HAVE_STDLIB_H 1
| #define HAVE_STRING_H 1
| #define HAVE_MEMORY_H 1
| #define HAVE_STRINGS_H 1
| #define HAVE_INTTYPES_H 1
| #define HAVE_STDINT_H 1
| #define HAVE_UNISTD_H 1
| #define HAVE_DLFCN_H 1
| #ifdef __cplusplus
| extern "C" void exit (int) throw ();
| #endif
| #define LINUX
| #define PCAP_TIMEOUT_IGNORED
| #define HAVE_STRINGS_H 1
| #define HAVE_STRING_H 1
| #define HAVE_STDLIB_H 1
| #define HAVE_UNISTD_H 1
| #define HAVE_PATHS_H 1
| #define HAVE_LIBNSL 1
| #define HAVE_SNPRINTF 1
| #define HAVE_STRERROR 1
| #define ERRLIST_PREDEFINED
| #define HAVE___FUNCTION__ 1
| #define HAVE_LIBM 1
| #define HAVE_LIBPCAP 1
| #define HAVE_PCRE_H 1
| #define HAVE_LIBPCRE 1
| #define HAVE_LIBDL 1
| /* end confdefs.h.  */
| #include <stdio.h>
| #if HAVE_SYS_TYPES_H
| # include <sys/types.h>
| #endif
| #if HAVE_SYS_STAT_H
| # include <sys/stat.h>
| #endif
| #if STDC_HEADERS
| # include <stdlib.h>
| # include <stddef.h>
| #else
| # if HAVE_STDLIB_H
| #  include <stdlib.h>
| # endif
| #endif
| #if HAVE_STRING_H
| # if !STDC_HEADERS && HAVE_MEMORY_H
| #  include <memory.h>
| # endif
| # include <string.h>
| #endif
| #if HAVE_STRINGS_H
| # include <strings.h>
| #endif
| #if HAVE_INTTYPES_H
| # include <inttypes.h>
| #else
| # if HAVE_STDINT_H
| #  include <stdint.h>
| # endif
| #endif
| #if HAVE_UNISTD_H
| # include <unistd.h>
| #endif
| #include <libipq.h>
configure:24259: result: no
configure:24263: checking libipq.h presence
configure:24273: gcc -E   -I/usr/include/libipq -I/usr/include conftest.c
conftest.c:42:20: fatal error: libipq.h: No such file or directory
compilation terminated.
configure:24279: $? = 1
configure: failed program was:
| /* confdefs.h.  */
| 
| #define PACKAGE_NAME ""
| #define PACKAGE_TARNAME ""
| #define PACKAGE_VERSION ""
| #define PACKAGE_STRING ""
| #define PACKAGE_BUGREPORT ""
| #define PACKAGE "snort"
| #define VERSION "2.6.1.5"
| #define STDC_HEADERS 1
| #define HAVE_SYS_TYPES_H 1
| #define HAVE_SYS_STAT_H 1
| #define HAVE_STDLIB_H 1
| #define HAVE_STRING_H 1
| #define HAVE_MEMORY_H 1
| #define HAVE_STRINGS_H 1
| #define HAVE_INTTYPES_H 1
| #define HAVE_STDINT_H 1
| #define HAVE_UNISTD_H 1
| #define HAVE_DLFCN_H 1
| #ifdef __cplusplus
| extern "C" void exit (int) throw ();
| #endif
| #define LINUX
| #define PCAP_TIMEOUT_IGNORED
| #define HAVE_STRINGS_H 1
| #define HAVE_STRING_H 1
| #define HAVE_STDLIB_H 1
| #define HAVE_UNISTD_H 1
| #define HAVE_PATHS_H 1
| #define HAVE_LIBNSL 1
| #define HAVE_SNPRINTF 1
| #define HAVE_STRERROR 1
| #define ERRLIST_PREDEFINED
| #define HAVE___FUNCTION__ 1
| #define HAVE_LIBM 1
| #define HAVE_LIBPCAP 1
| #define HAVE_PCRE_H 1
| #define HAVE_LIBPCRE 1
| #define HAVE_LIBDL 1
| /* end confdefs.h.  */
| #include <libipq.h>
configure:24299: result: no
configure:24334: checking for libipq.h
configure:24341: result: no
configure:24348: error: libipq.h not found ...

## ---------------- ##
## Cache variables. ##
## ---------------- ##

ac_cv_build=x86_64-unknown-linux-gnu
ac_cv_build_alias=x86_64-unknown-linux-gnu
ac_cv_c_bigendian=no
ac_cv_c_compiler_gnu=yes
ac_cv_cxx_compiler_gnu=yes
ac_cv_env_CC_set=
ac_cv_env_CC_value=
ac_cv_env_CFLAGS_set=
ac_cv_env_CFLAGS_value=
ac_cv_env_CPPFLAGS_set=
ac_cv_env_CPPFLAGS_value=
ac_cv_env_CPP_set=
ac_cv_env_CPP_value=
ac_cv_env_CXXCPP_set=
ac_cv_env_CXXCPP_value=
ac_cv_env_CXXFLAGS_set=
ac_cv_env_CXXFLAGS_value=
ac_cv_env_CXX_set=
ac_cv_env_CXX_value=
ac_cv_env_F77_set=
ac_cv_env_F77_value=
ac_cv_env_FFLAGS_set=
ac_cv_env_FFLAGS_value=
ac_cv_env_LDFLAGS_set=
ac_cv_env_LDFLAGS_value=
ac_cv_env_build_alias_set=
ac_cv_env_build_alias_value=
ac_cv_env_host_alias_set=
ac_cv_env_host_alias_value=
ac_cv_env_target_alias_set=
ac_cv_env_target_alias_value=
ac_cv_exeext=
ac_cv_f77_compiler_gnu=no
ac_cv_func_snprintf=yes
ac_cv_func_strerror=yes
ac_cv_func_strlcat=no
ac_cv_func_strlcpy=no
ac_cv_header_dlfcn_h=yes
ac_cv_header_inttypes_h=yes
ac_cv_header_libipq_h=no
ac_cv_header_memory_h=yes
ac_cv_header_paths_h=yes
ac_cv_header_pcre_h=yes
ac_cv_header_stdc=yes
ac_cv_header_stdint_h=yes
ac_cv_header_stdlib_h=yes
ac_cv_header_string_h=yes
ac_cv_header_strings_h=yes
ac_cv_header_sys_sockio_h=no
ac_cv_header_sys_stat_h=yes
ac_cv_header_sys_types_h=yes
ac_cv_header_unistd_h=yes
ac_cv_host=x86_64-unknown-linux-gnu
ac_cv_host_alias=x86_64-unknown-linux-gnu
ac_cv_lib_dl_dlsym=yes
ac_cv_lib_m_floor=yes
ac_cv_lib_nsl_inet_ntoa=yes
ac_cv_lib_pcap_pcap_datalink=yes
ac_cv_lib_pcre_pcre_compile=yes
ac_cv_lib_socket_socket=no
ac_cv_objext=o
ac_cv_path_install='/usr/bin/install -c'
ac_cv_prog_AWK=mawk
ac_cv_prog_CPP='gcc -E'
ac_cv_prog_CXXCPP='g++ -E'
ac_cv_prog_ac_ct_AR=ar
ac_cv_prog_ac_ct_CC=gcc
ac_cv_prog_ac_ct_CXX=g++
ac_cv_prog_ac_ct_RANLIB=ranlib
ac_cv_prog_ac_ct_STRIP=strip
ac_cv_prog_cc_g=yes
ac_cv_prog_cc_stdc=
ac_cv_prog_cxx_g=yes
ac_cv_prog_egrep='grep -E'
ac_cv_prog_f77_g=no
ac_cv_prog_make_make_set=yes
am_cv_CC_dependencies_compiler_type=gcc3
am_cv_CXX_dependencies_compiler_type=gcc3
am_cv_prog_cc_stdc=
lt_cv_deplibs_check_method=pass_all
lt_cv_file_magic_cmd='$MAGIC_CMD'
lt_cv_file_magic_test_file=
lt_cv_ld_reload_flag=-r
lt_cv_objdir=.libs
lt_cv_path_LD=/usr/bin/ld
lt_cv_path_LDCXX='/usr/bin/ld -m elf_x86_64'
lt_cv_path_NM='/usr/bin/nm -B'
lt_cv_path_SED=/bin/sed
lt_cv_prog_compiler_c_o=yes
lt_cv_prog_compiler_c_o_CXX=yes
lt_cv_prog_compiler_rtti_exceptions=no
lt_cv_prog_gnu_ld=yes
lt_cv_prog_gnu_ldcxx=yes
lt_cv_sys_global_symbol_pipe='sed -n -e '\''s/^.*[ 	]\([ABCDGIRSTW][ABCDGIRSTW]*\)[ 	][ 	]*\([_A-Za-z][_A-Za-z0-9]*\)$/\1 \2 \2/p'\'''
lt_cv_sys_global_symbol_to_c_name_address='sed -n -e '\''s/^: \([^ ]*\) $/  {\"\1\", (lt_ptr) 0},/p'\'' -e '\''s/^[BCDEGRST] \([^ ]*\) \([^ ]*\)$/  {"\2", (lt_ptr) \&\2},/p'\'''
lt_cv_sys_global_symbol_to_cdecl='sed -n -e '\''s/^. .* \(.*\)$/extern int \1;/p'\'''
lt_cv_sys_max_cmd_len=32768
lt_lt_cv_prog_compiler_c_o='"yes"'
lt_lt_cv_prog_compiler_c_o_CXX='"yes"'
lt_lt_cv_sys_global_symbol_pipe='"sed -n -e '\''s/^.*[ 	]\\([ABCDGIRSTW][ABCDGIRSTW]*\\)[ 	][ 	]*\\([_A-Za-z][_A-Za-z0-9]*\\)\$/\\1 \\2 \\2/p'\''"'
lt_lt_cv_sys_global_symbol_to_c_name_address='"sed -n -e '\''s/^: \\([^ ]*\\) \$/  {\\\"\\1\\\", (lt_ptr) 0},/p'\'' -e '\''s/^[BCDEGRST] \\([^ ]*\\) \\([^ ]*\\)\$/  {\"\\2\", (lt_ptr) \\&\\2},/p'\''"'
lt_lt_cv_sys_global_symbol_to_cdecl='"sed -n -e '\''s/^. .* \\(.*\\)\$/extern int \\1;/p'\''"'
sn_cv_decl_needed_bcopy=no
sn_cv_decl_needed_bzero=no
sn_cv_decl_needed_fclose=no
sn_cv_decl_needed_fflush=no
sn_cv_decl_needed_fopen=no
sn_cv_decl_needed_fprintf=no
sn_cv_decl_needed_fputc=no
sn_cv_decl_needed_fputs=no
sn_cv_decl_needed_fwrite=no
sn_cv_decl_needed_getopt=no
sn_cv_decl_needed_memset=no
sn_cv_decl_needed_perror=no
sn_cv_decl_needed_printf=no
sn_cv_decl_needed_puts=no
sn_cv_decl_needed_sendto=no
sn_cv_decl_needed_snprintf=no
sn_cv_decl_needed_socket=no
sn_cv_decl_needed_strcasecmp=no
sn_cv_decl_needed_strerror=no
sn_cv_decl_needed_strncasecmp=no
sn_cv_decl_needed_strtol=no
sn_cv_decl_needed_strtoul=no
sn_cv_decl_needed_syslog=no
sn_cv_decl_needed_vsnprintf=no
sn_cv_have___FUNCTION__=yes

## ----------------- ##
## Output variables. ##
## ----------------- ##

ACLOCAL='${SHELL} /home/anirudhc/research_work/snort/snort_inline-2.6.1.5/missing --run aclocal-1.9'
AMDEPBACKSLASH='\'
AMDEP_FALSE='#'
AMDEP_TRUE=''
AMTAR='${SHELL} /home/anirudhc/research_work/snort/snort_inline-2.6.1.5/missing --run tar'
AR='ar'
AUTOCONF='${SHELL} /home/anirudhc/research_work/snort/snort_inline-2.6.1.5/missing --run autoconf'
AUTOHEADER='${SHELL} /home/anirudhc/research_work/snort/snort_inline-2.6.1.5/missing --run autoheader'
AUTOMAKE='${SHELL} /home/anirudhc/research_work/snort/snort_inline-2.6.1.5/missing --run automake-1.9'
AWK='mawk'
CC='gcc'
CCDEPMODE='depmode=gcc3'
CFLAGS='-g -O2 -Wall  -DDYNAMIC_PLUGIN -DGIDS'
CPP='gcc -E'
CPPFLAGS='  -I/usr/include/libipq -I/usr/include'
CXX='g++'
CXXCPP='g++ -E'
CXXDEPMODE='depmode=gcc3'
CXXFLAGS='-g -O2'
CYGPATH_W='echo'
DEFS=''
DEPDIR='.deps'
ECHO='echo'
ECHO_C=''
ECHO_N='-n'
ECHO_T=''
EGREP='grep -E'
EXEEXT=''
F77=''
FFLAGS=''
HAVE_DYNAMIC_PLUGINS_FALSE='#'
HAVE_DYNAMIC_PLUGINS_TRUE=''
INCLUDES=''
INSTALL_DATA='${INSTALL} -m 644'
INSTALL_PROGRAM='${INSTALL}'
INSTALL_SCRIPT='${INSTALL}'
INSTALL_STRIP_PROGRAM='${SHELL} $(install_sh) -c -s'
LDFLAGS=' -lpcre -ldumbnet'
LIBOBJS=''
LIBPRELUDE_CFLAGS=''
LIBPRELUDE_CONFIG=''
LIBPRELUDE_CONFIG_PREFIX=''
LIBPRELUDE_LDFLAGS=''
LIBPRELUDE_LIBS=''
LIBPRELUDE_PREFIX=''
LIBPRELUDE_PTHREAD_CFLAGS=''
LIBS='-ldl -lpcre -lpcap -lm -lnsl  -ldl'
LIBTOOL='$(SHELL) $(top_builddir)/libtool'
LN_S='ln -s'
LTLIBOBJS=''
MAINT='#'
MAINTAINER_MODE_FALSE=''
MAINTAINER_MODE_TRUE='#'
MAKEINFO='${SHELL} /home/anirudhc/research_work/snort/snort_inline-2.6.1.5/missing --run makeinfo'
OBJEXT='o'
PACKAGE='snort'
PACKAGE_BUGREPORT=''
PACKAGE_NAME=''
PACKAGE_STRING=''
PACKAGE_TARNAME=''
PACKAGE_VERSION=''
PATH_SEPARATOR=':'
RANLIB='ranlib'
SED='/bin/sed'
SET_MAKE=''
SHELL='/bin/sh'
STRIP='strip'
VERSION='2.6.1.5'
ac_ct_AR='ar'
ac_ct_CC='gcc'
ac_ct_CXX='g++'
ac_ct_F77=''
ac_ct_RANLIB='ranlib'
ac_ct_STRIP='strip'
am__fastdepCC_FALSE='#'
am__fastdepCC_TRUE=''
am__fastdepCXX_FALSE='#'
am__fastdepCXX_TRUE=''
am__include='include'
am__leading_dot='.'
am__quote=''
am__tar='${AMTAR} chof - "$$tardir"'
am__untar='${AMTAR} xf -'
bindir='${exec_prefix}/bin'
build='x86_64-unknown-linux-gnu'
build_alias=''
build_cpu='x86_64'
build_os='linux-gnu'
build_vendor='unknown'
datadir='${prefix}/share'
exec_prefix='NONE'
extra_incl='-I/usr/include/pcap'
host='x86_64-unknown-linux-gnu'
host_alias=''
host_cpu='x86_64'
host_os='linux-gnu'
host_vendor='unknown'
includedir='${prefix}/include'
infodir='${prefix}/info'
install_sh='/home/anirudhc/research_work/snort/snort_inline-2.6.1.5/install-sh'
libdir='${exec_prefix}/lib'
libexecdir='${exec_prefix}/libexec'
localstatedir='${prefix}/var'
mandir='${prefix}/man'
mkdir_p='mkdir -p --'
oldincludedir='/usr/include'
prefix='NONE'
program_transform_name='s,x,x,'
sbindir='${exec_prefix}/sbin'
sharedstatedir='${prefix}/com'
sysconfdir='${prefix}/etc'
target_alias=''

## ----------- ##
## confdefs.h. ##
## ----------- ##

#define ERRLIST_PREDEFINED
#define HAVE_DLFCN_H 1
#define HAVE_INTTYPES_H 1
#define HAVE_LIBDL 1
#define HAVE_LIBM 1
#define HAVE_LIBNSL 1
#define HAVE_LIBPCAP 1
#define HAVE_LIBPCRE 1
#define HAVE_MEMORY_H 1
#define HAVE_PATHS_H 1
#define HAVE_PCRE_H 1
#define HAVE_SNPRINTF 1
#define HAVE_STDINT_H 1
#define HAVE_STDLIB_H 1
#define HAVE_STDLIB_H 1
#define HAVE_STRERROR 1
#define HAVE_STRINGS_H 1
#define HAVE_STRINGS_H 1
#define HAVE_STRING_H 1
#define HAVE_STRING_H 1
#define HAVE_SYS_STAT_H 1
#define HAVE_SYS_TYPES_H 1
#define HAVE_UNISTD_H 1
#define HAVE_UNISTD_H 1
#define HAVE___FUNCTION__ 1
#define LINUX
#define PACKAGE "snort"
#define PACKAGE_BUGREPORT ""
#define PACKAGE_NAME ""
#define PACKAGE_STRING ""
#define PACKAGE_TARNAME ""
#define PACKAGE_VERSION ""
#define PCAP_TIMEOUT_IGNORED
#define STDC_HEADERS 1
#define VERSION "2.6.1.5"
#endif
#ifdef __cplusplus
extern "C" void exit (int) throw ();

configure: exit 1
